[2026-03-18 12:00:02] ==================================================
[2026-03-18 12:00:02] 每日复盘开始
[2026-03-18 12:00:03] ❌ 笔记写入失败: {'code': 10202, 'message': '请求频率超限，请稍后重试', 'reason': 'qps_bucket_exceeded', 'rate_limit': {'read': {'daily': {'limit': 1000, 'used': 0, 'remaining': 1000, 'reset_at': 1773849600}, 'monthly': {'limit': 20000, 'used': 534, 'remaining': 19466, 'reset_at': 1774972800}}, 'write': {'daily': {'limit': 500, 'used': 4, 'remaining': 496, 'reset_at': 1773849600}, 'monthly': {'limit': 10000, 'used': 134, 'remaining': 9866, 'reset_at': 1774972800}}, 'write_note': {'daily': {'limit': 50, 'used': 4, 'remaining': 46, 'reset_at': 1773849600}, 'monthly': {'limit': 500, 'used': 115, 'remaining': 385, 'reset_at': 1774972800}}}}
[2026-03-18 12:00:03] 每日复盘完成
[2026-03-19 12:00:02] ==================================================
[2026-03-19 12:00:02] 每日复盘开始
[2026-03-19 12:00:04] ❌ 笔记写入失败: {'code': 10202, 'message': '请求频率超限，请稍后重试', 'reason': 'qps_bucket_exceeded', 'rate_limit': {'read': {'daily': {'limit': 1000, 'used': 0, 'remaining': 1000, 'reset_at': 1773936000}, 'monthly': {'limit': 20000, 'used': 534, 'remaining': 19466, 'reset_at': 1774972800}}, 'write': {'daily': {'limit': 500, 'used': 6, 'remaining': 494, 'reset_at': 1773936000}, 'monthly': {'limit': 10000, 'used': 142, 'remaining': 9858, 'reset_at': 1774972800}}, 'write_note': {'daily': {'limit': 50, 'used': 6, 'remaining': 44, 'reset_at': 1773936000}, 'monthly': {'limit': 500, 'used': 123, 'remaining': 377, 'reset_at': 1774972800}}}}
[2026-03-19 12:00:04] 每日复盘完成
[2026-03-20 12:00:02] ==================================================
[2026-03-20 12:00:02] 每日复盘开始
[2026-03-20 12:00:04] ✅ 笔记已写入知识库 (ID: 1904795666241192568)
[2026-03-20 12:00:04] 每日复盘完成
[2026-03-21 12:00:01] ==================================================
[2026-03-21 12:00:01] 每日复盘开始
[2026-03-21 12:00:03] ✅ 笔记已写入知识库 (ID: 1904888436462460616)
[2026-03-21 12:00:03] 每日复盘完成
[2026-03-22 12:00:02] ==================================================
[2026-03-22 12:00:02] 每日复盘开始
[2026-03-22 12:00:04] ✅ 笔记已写入知识库 (ID: 1904981208828358496)
[2026-03-22 12:00:04] 每日复盘完成
[2026-03-23 12:00:01] ==================================================
[2026-03-23 12:00:01] 每日复盘开始
[2026-03-23 12:00:03] ✅ 笔记已写入知识库 (ID: 1905073979048169448)
[2026-03-23 12:00:03] 每日复盘完成
[2026-03-24 12:00:01] ==================================================
[2026-03-24 12:00:01] 每日复盘开始
[2026-03-24 12:00:03] ✅ 笔记已写入知识库 (ID: 1905166750342335424)
[2026-03-24 12:00:03] 每日复盘完成
[2026-03-25 12:00:03] ==================================================
[2026-03-25 12:00:03] 每日复盘开始
[2026-03-25 12:00:05] ✅ 笔记已写入知识库 (ID: 1905259523784463792)
[2026-03-25 12:00:05] 每日复盘完成
[2026-03-26 12:00:03] ==================================================
[2026-03-26 12:00:03] 每日复盘开始
[2026-03-26 12:00:05] ✅ 笔记已写入知识库 (ID: 1905352294005930968)
[2026-03-26 12:00:05] 每日复盘完成
[2026-03-27 12:00:04] ==================================================
[2026-03-27 12:00:04] 每日复盘开始
[2026-03-27 12:00:06] ✅ 笔记已写入知识库 (ID: 1905445067443811016)
[2026-03-27 12:00:06] 每日复盘完成
[2026-03-28 12:00:03] ==================================================
[2026-03-28 12:00:03] 每日复盘开始
[2026-03-28 12:00:04] ✅ 笔记已写入知识库 (ID: 1905537836590833560)
[2026-03-28 12:00:04] 每日复盘完成
