2026-03-07 22:09:02,440 - INFO - ============================================================
2026-03-07 22:09:02,440 - INFO - 每日自动化交易脚本启动
2026-03-07 22:09:02,440 - INFO - 主地址: 0xD7C04b230f9f28d286Ba27216c103b1CFfC24126
2026-03-07 22:09:02,440 - INFO - 测试网: https://api.hyperliquid-testnet.xyz
2026-03-07 22:09:02,440 - INFO - ============================================================
2026-03-11 14:17:51,534 - INFO - ============================================================
2026-03-11 14:17:51,534 - INFO - 每日自动化交易脚本启动
2026-03-11 14:17:51,534 - INFO - 主地址: 0xD7C04b230f9f28d286Ba27216c103b1CFfC24126
2026-03-11 14:17:51,534 - INFO - 测试网: https://api.hyperliquid-testnet.xyz
2026-03-11 14:17:51,534 - INFO - ============================================================
2026-03-11 14:19:12,773 - INFO - ============================================================
2026-03-11 14:19:12,773 - INFO - 每日自动化交易脚本启动
2026-03-11 14:19:12,773 - INFO - 主地址: 0xD7C04b230f9f28d286Ba27216c103b1CFfC24126
2026-03-11 14:19:12,773 - INFO - 测试网: https://testnet.hyperliquid.xyz
2026-03-11 14:19:12,773 - INFO - ============================================================
2026-03-12 10:30:52,434 - INFO - ============================================================
2026-03-12 10:30:52,434 - INFO - 每日自动化交易脚本启动
2026-03-12 10:30:52,434 - INFO - 主地址: 0xD7C04b230f9f28d286Ba27216c103b1CFfC24126
2026-03-12 10:30:52,434 - INFO - 测试网: https://testnet.hyperliquid.xyz
2026-03-12 10:30:52,434 - INFO - ============================================================
2026-03-12 10:37:07,136 - INFO - ============================================================
2026-03-12 10:37:07,136 - INFO - 每日自动化交易脚本启动
2026-03-12 10:37:07,136 - INFO - 主地址: 0xD7C04b230f9f28d286Ba27216c103b1CFfC24126
2026-03-12 10:37:07,136 - INFO - 测试网: https://api.hyperliquid-testnet.xyz
2026-03-12 10:37:07,136 - INFO - ============================================================
2026-03-25 10:47:17,348 - INFO - ============================================================
2026-03-25 10:47:17,365 - INFO - 每日自动化交易脚本启动
2026-03-25 10:47:17,365 - INFO - 主地址: 0xD7C04b230f9f28d286Ba27216c103b1CFfC24126
2026-03-25 10:47:17,365 - INFO - 测试网: https://api.hyperliquid.xyz
2026-03-25 10:47:17,365 - INFO - ============================================================
2026-03-25 10:47:18,006 - INFO - Websocket connected
2026-03-25 10:47:18,073 - INFO - 初始化完成，今日订单数: 0
2026-03-25 10:47:18,156 - INFO - 账户价值: $0.01，单笔风险: $0.00
2026-03-25 10:47:18,230 - ERROR - 获取K线失败 BTC-PERP: name 'time' is not defined
2026-03-25 10:47:18,230 - WARNING - 无法计算BTC-PERP的ATR，跳过
2026-03-25 10:47:18,304 - ERROR - 获取K线失败 ETH-PERP: name 'time' is not defined
2026-03-25 10:47:18,304 - WARNING - 无法计算ETH-PERP的ATR，跳过
2026-03-25 10:47:18,379 - ERROR - 获取K线失败 SOL-PERP: name 'time' is not defined
2026-03-25 10:47:18,379 - WARNING - 无法计算SOL-PERP的ATR，跳过
2026-03-25 10:47:18,380 - INFO - 本次执行结束
2026-03-25 10:49:10,871 - INFO - ============================================================
2026-03-25 10:49:10,871 - INFO - 每日自动化交易脚本启动
2026-03-25 10:49:10,871 - INFO - 主地址: 0xD7C04b230f9f28d286Ba27216c103b1CFfC24126
2026-03-25 10:49:10,871 - INFO - 测试网: https://api.hyperliquid.xyz
2026-03-25 10:49:10,871 - INFO - ============================================================
2026-03-25 10:49:11,538 - INFO - Websocket connected
2026-03-25 10:49:11,746 - INFO - 初始化完成，今日订单数: 0
2026-03-25 10:49:11,831 - INFO - 账户价值: $0.01，单笔风险: $0.00
2026-03-25 10:49:11,906 - ERROR - 获取K线失败 BTC-PERP: 'BTC-PERP'
2026-03-25 10:49:11,906 - WARNING - 无法计算BTC-PERP的ATR，跳过
2026-03-25 10:49:11,978 - ERROR - 获取K线失败 ETH-PERP: 'ETH-PERP'
2026-03-25 10:49:11,978 - WARNING - 无法计算ETH-PERP的ATR，跳过
2026-03-25 10:49:12,051 - ERROR - 获取K线失败 SOL-PERP: 'SOL-PERP'
2026-03-25 10:49:12,051 - WARNING - 无法计算SOL-PERP的ATR，跳过
2026-03-25 10:49:12,052 - INFO - 本次执行结束
2026-03-25 10:50:08,583 - INFO - ============================================================
2026-03-25 10:50:08,583 - INFO - 每日自动化交易脚本启动
2026-03-25 10:50:08,584 - INFO - 主地址: 0x7478d07e8ee9a938225224c542f6f4656637bb98
2026-03-25 10:50:08,584 - INFO - 测试网: https://api.hyperliquid.xyz
2026-03-25 10:50:08,584 - INFO - ============================================================
2026-03-25 10:50:09,162 - INFO - Websocket connected
2026-03-25 10:50:09,177 - INFO - 初始化完成，今日订单数: 0
2026-03-25 10:50:09,264 - INFO - 账户价值: $112.91，单笔风险: $2.26
2026-03-25 10:50:09,339 - ERROR - 获取K线失败 BTC-PERP: 'BTC-PERP'
2026-03-25 10:50:09,339 - WARNING - 无法计算BTC-PERP的ATR，跳过
2026-03-25 10:50:09,415 - ERROR - 获取K线失败 ETH-PERP: 'ETH-PERP'
2026-03-25 10:50:09,416 - WARNING - 无法计算ETH-PERP的ATR，跳过
2026-03-25 10:50:09,491 - ERROR - 获取K线失败 SOL-PERP: 'SOL-PERP'
2026-03-25 10:50:09,491 - WARNING - 无法计算SOL-PERP的ATR，跳过
2026-03-25 10:50:09,491 - INFO - 本次执行结束
2026-03-25 10:51:29,616 - INFO - ============================================================
2026-03-25 10:51:29,616 - INFO - 每日自动化交易脚本启动
2026-03-25 10:51:29,616 - INFO - 主地址: 0x7478d07e8ee9a938225224c542f6f4656637bb98
2026-03-25 10:51:29,616 - INFO - 测试网: https://api.hyperliquid.xyz
2026-03-25 10:51:29,617 - INFO - ============================================================
2026-03-25 10:51:30,263 - INFO - Websocket connected
2026-03-25 10:51:30,419 - INFO - 初始化完成，今日订单数: 0
2026-03-25 10:51:30,505 - INFO - 账户价值: $112.91，单笔风险: $2.26
2026-03-25 10:51:31,678 - ERROR - 运行异常: name 'leverage' is not defined
2026-03-25 10:51:31,679 - INFO - 本次执行结束
