2026-02-21 17:46:26,213 - WARNING - ⚠️  使用的是示例私钥！请替换为真实的Agent钱包私钥！
2026-02-21 17:46:27,218 - INFO - 🤖 Trading Bot 初始化完成
2026-02-21 17:46:27,218 - INFO - 钱包地址: 0xf39Fd6e51aad88F6F4ce6aB8827279cffFb92266
2026-02-21 17:46:27,218 - INFO - 环境: 测试网
2026-02-22 00:51:45,675 - WARNING - ⚠️  使用的是示例私钥！请替换为真实的Agent钱包私钥！
2026-02-22 00:51:46,629 - INFO - 🤖 Trading Bot 初始化完成
2026-02-22 00:51:46,630 - INFO - 钱包地址: 0xf39Fd6e51aad88F6F4ce6aB8827279cffFb92266
2026-02-22 00:51:46,630 - INFO - 环境: 测试网
2026-02-22 00:52:38,294 - WARNING - ⚠️  使用的是示例私钥！请替换为真实的Agent钱包私钥！
2026-02-22 00:52:39,383 - INFO - 🤖 Trading Bot 初始化完成
2026-02-22 00:52:39,383 - INFO - 钱包地址: 0xf39Fd6e51aad88F6F4ce6aB8827279cffFb92266
2026-02-22 00:52:39,383 - INFO - 环境: 测试网
2026-02-22 00:52:39,531 - INFO - ✅ API连接正常: 获取中价数据成功
2026-02-22 00:52:39,532 - INFO - 🚀 开始运行交易系统...
2026-02-22 00:52:39,532 - INFO - 🔍 检查 BTCUSDT 交易机会...
2026-02-22 00:52:39,532 - ERROR - 获取K线数据失败 BTCUSDT: 'BTCUSDT'
2026-02-22 00:52:39,532 - WARNING - 数据不足，跳过 BTCUSDT
2026-02-22 00:52:39,532 - INFO - 🔍 检查 ETHUSDT 交易机会...
2026-02-22 00:52:39,532 - ERROR - 获取K线数据失败 ETHUSDT: 'ETHUSDT'
2026-02-22 00:52:39,532 - WARNING - 数据不足，跳过 ETHUSDT
2026-02-22 00:52:39,532 - INFO - ⏳ 等待1小时后再次检查...
2026-02-22 00:55:47,273 - WARNING - ⚠️  使用的是示例私钥！请替换为真实的Agent钱包私钥！
2026-02-22 00:55:48,223 - INFO - 🤖 Trading Bot 初始化完成
2026-02-22 00:55:48,223 - INFO - 钱包地址: 0xf39Fd6e51aad88F6F4ce6aB8827279cffFb92266
2026-02-22 00:55:48,223 - INFO - 环境: 测试网
2026-02-22 00:55:48,370 - INFO - ✅ API连接正常: 获取中价数据成功
2026-02-22 00:55:48,370 - INFO - 🚀 开始运行交易系统...
2026-02-22 00:55:48,371 - INFO - 🔍 检查 0G 交易机会...
2026-02-22 00:55:48,479 - INFO - ✅ 买入信号触发: SMA20=0.66 > SMA50=0.64, RSI=90.29, MACD=0.0106 > Signal=0.0069
2026-02-22 00:55:48,712 - INFO - 🚀 执行买入: 0G
2026-02-22 00:55:48,712 - INFO -    价格: $0.68
2026-02-22 00:55:48,713 - INFO -    仓位: $1000.00
2026-02-22 00:55:48,713 - INFO -    止损: $0.67
2026-02-22 00:55:48,713 - INFO -    止盈: $0.70
2026-02-22 00:55:48,713 - INFO -    风险回报: 1:2.0
2026-02-22 00:55:48,713 - ERROR - 下单失败: type object 'OrderType' has no attribute 'LIMIT'
2026-02-22 00:55:48,713 - INFO - 🔍 检查 2Z 交易机会...
2026-02-22 00:55:48,825 - INFO - ✅ 卖出信号触发: SMA20=0.08 < SMA50=0.08, RSI=0.11, MACD=-0.0012 < Signal=-0.0005
2026-02-22 00:55:49,056 - INFO - ⏳ 等待1小时后再次检查...
