[2026-03-17 13:20:21] ==================================================
[2026-03-17 13:20:21] 开始信号扫描 (v2 优化参数)
[2026-03-17 13:20:22] 账户净值: $108.64, 当前持仓: 5
[2026-03-17 13:20:22] 🚨 ETH 触发止盈 (mid=2311.25 >= tp=2272.7857)
[2026-03-17 13:20:25] ✅ 笔记已写入知识库
[2026-03-17 13:20:25] 扫描完成
[2026-03-17 16:00:01] ==================================================
[2026-03-17 16:00:01] 开始信号扫描 (v2 优化参数)
[2026-03-17 16:00:02] 账户净值: $109.04, 当前持仓: 5
[2026-03-17 16:00:02] 🚨 ETH 触发止盈 (mid=2326.75 >= tp=2267.7857)
[2026-03-17 16:00:06] ✅ 笔记已写入知识库
[2026-03-17 16:00:06] 扫描完成
[2026-03-17 16:00:01] ==================================================
[2026-03-17 16:00:01] 开始信号扫描 (v2 优化参数)
[2026-03-17 16:00:02] 账户净值: $109.04, 当前持仓: 5
[2026-03-17 16:00:02] 🚨 ETH 触发止盈 (mid=2326.75 >= tp=2267.7857)
[2026-03-17 16:00:06] ✅ 笔记已写入知识库
[2026-03-17 16:00:06] 扫描完成
[2026-03-17 20:00:01] ==================================================
[2026-03-17 20:00:01] 开始信号扫描 (v2 优化参数)
[2026-03-17 20:00:02] 账户净值: $108.68, 当前持仓: 5
[2026-03-17 20:00:03] 🚨 ETH 触发止盈 (mid=2325.55 >= tp=2270.9571)
[2026-03-17 20:00:19] ✅ 笔记已写入知识库
[2026-03-17 20:00:19] 扫描完成
[2026-03-17 20:00:01] ==================================================
[2026-03-17 20:00:01] 开始信号扫描 (v2 优化参数)
[2026-03-17 20:00:02] 账户净值: $108.68, 当前持仓: 5
[2026-03-17 20:00:03] 🚨 ETH 触发止盈 (mid=2325.55 >= tp=2270.9571)
[2026-03-17 20:00:19] ✅ 笔记已写入知识库
[2026-03-17 20:00:19] 扫描完成
[2026-03-17 23:20:09] ==================================================
[2026-03-17 23:20:09] 开始信号扫描 (v2 优化参数)
[2026-03-17 23:20:10] 账户净值: $109.00, 当前持仓: 5
[2026-03-17 23:20:10] 🚨 ETH 触发止盈 (mid=2332.85 >= tp=2283.7000)
[2026-03-17 23:20:21] ✅ 笔记已写入知识库
[2026-03-17 23:20:21] 扫描完成
[2026-03-17 23:23:05] ==================================================
[2026-03-17 23:23:05] 开始信号扫描 (v2 优化参数)
[2026-03-17 23:23:06] 账户净值: $108.72, 当前持仓: 5
[2026-03-17 23:23:06] 🚨 ETH 触发止盈 (mid=2324.35 >= tp=2283.7000)
[2026-03-17 23:23:08] 平仓: ETH LONG | {'status': 'ok', 'response': {'type': 'order', 'data': {'statuses': [{'error': 'Price must be divisible by tick size. asset=1'}]}}}
[2026-03-17 23:23:11] ✅ 笔记已写入知识库
[2026-03-17 23:23:11] 扫描完成
[2026-03-17 23:23:33] ==================================================
[2026-03-17 23:23:33] 开始信号扫描 (v2 优化参数)
[2026-03-17 23:23:34] 账户净值: $108.79, 当前持仓: 5
[2026-03-17 23:23:34] 🚨 ETH 触发止盈 (mid=2327.05 >= tp=2283.7000)
[2026-03-17 23:23:36] 平仓: ETH LONG size=0.0121 @$2315.07 | {"status": "ok", "response": {"type": "order", "data": {"statuses": [{"error": "Price must be divisible by tick size. asset=1"}]}}}
[2026-03-17 23:23:36] ❌ 平仓失败: Price must be divisible by tick size. asset=1
[2026-03-17 23:23:39] ✅ 笔记已写入知识库
[2026-03-17 23:23:39] 扫描完成
[2026-03-17 23:26:19] ==================================================
[2026-03-17 23:26:19] 开始信号扫描 (v2 优化参数)
[2026-03-17 23:26:20] 账户净值: $108.69, 当前持仓: 5
[2026-03-17 23:26:20] 持仓已满 (5/5)，跳过扫描
[2026-03-17 23:58:06] ==================================================
[2026-03-17 23:58:06] 开始信号扫描 (v2 优化参数)
[2026-03-17 23:58:06] 账户净值: $108.91, 当前持仓: 5
[2026-03-17 23:58:07] 持仓已满 (5/5)，跳过扫描
[2026-03-18 00:00:02] ==================================================
[2026-03-18 00:00:02] 开始信号扫描 (v2 优化参数)
[2026-03-18 00:00:03] 账户净值: $108.90, 当前持仓: 5
[2026-03-18 00:00:04] 持仓已满 (5/5)，跳过扫描
[2026-03-18 00:00:02] ==================================================
[2026-03-18 00:00:02] 开始信号扫描 (v2 优化参数)
[2026-03-18 00:00:03] 账户净值: $108.90, 当前持仓: 5
[2026-03-18 00:00:04] 持仓已满 (5/5)，跳过扫描
[2026-03-18 04:00:02] ==================================================
[2026-03-18 04:00:02] 开始信号扫描 (v2 优化参数)
[2026-03-18 04:00:03] 账户净值: $109.02, 当前持仓: 5
[2026-03-18 04:00:04] 持仓已满 (5/5)，跳过扫描
[2026-03-18 04:00:02] ==================================================
[2026-03-18 04:00:02] 开始信号扫描 (v2 优化参数)
[2026-03-18 04:00:03] 账户净值: $109.02, 当前持仓: 5
[2026-03-18 04:00:04] 持仓已满 (5/5)，跳过扫描
[2026-03-18 08:00:02] ==================================================
[2026-03-18 08:00:02] 开始信号扫描 (v2 优化参数)
[2026-03-18 08:00:02] 账户净值: $109.01, 当前持仓: 5
[2026-03-18 08:00:03] 持仓已满 (5/5)，跳过扫描
[2026-03-18 08:00:02] ==================================================
[2026-03-18 08:00:02] 开始信号扫描 (v2 优化参数)
[2026-03-18 08:00:02] 账户净值: $109.01, 当前持仓: 5
[2026-03-18 08:00:03] 持仓已满 (5/5)，跳过扫描
[2026-03-18 12:00:02] ==================================================
[2026-03-18 12:00:02] 开始信号扫描 (v2 优化参数)
[2026-03-18 12:00:03] 账户净值: $109.16, 当前持仓: 5
[2026-03-18 12:00:03] 持仓已满 (5/5)，跳过扫描
[2026-03-18 12:00:02] ==================================================
[2026-03-18 12:00:02] 开始信号扫描 (v2 优化参数)
[2026-03-18 12:00:03] 账户净值: $109.16, 当前持仓: 5
[2026-03-18 12:00:03] 持仓已满 (5/5)，跳过扫描
[2026-03-18 16:00:02] ==================================================
[2026-03-18 16:00:02] 开始信号扫描 (v2 优化参数)
[2026-03-18 16:00:02] 账户净值: $109.25, 当前持仓: 5
[2026-03-18 16:00:03] 持仓已满 (5/5)，跳过扫描
[2026-03-18 16:00:02] ==================================================
[2026-03-18 16:00:02] 开始信号扫描 (v2 优化参数)
[2026-03-18 16:00:02] 账户净值: $109.25, 当前持仓: 5
[2026-03-18 16:00:03] 持仓已满 (5/5)，跳过扫描
[2026-03-18 20:00:01] ==================================================
[2026-03-18 20:00:01] 开始信号扫描 (v2 优化参数)
[2026-03-18 20:00:02] 账户净值: $108.97, 当前持仓: 5
[2026-03-18 20:00:03] 持仓已满 (5/5)，跳过扫描
[2026-03-18 20:00:01] ==================================================
[2026-03-18 20:00:01] 开始信号扫描 (v2 优化参数)
[2026-03-18 20:00:02] 账户净值: $108.97, 当前持仓: 5
[2026-03-18 20:00:03] 持仓已满 (5/5)，跳过扫描
[2026-03-19 00:00:02] ==================================================
[2026-03-19 00:00:02] 开始信号扫描 (v2 优化参数)
[2026-03-19 00:00:03] 账户净值: $108.71, 当前持仓: 5
[2026-03-19 00:00:04] 持仓已满 (5/5)，跳过扫描
[2026-03-19 00:00:02] ==================================================
[2026-03-19 00:00:02] 开始信号扫描 (v2 优化参数)
[2026-03-19 00:00:03] 账户净值: $108.71, 当前持仓: 5
[2026-03-19 00:00:04] 持仓已满 (5/5)，跳过扫描
[2026-03-19 04:00:02] ==================================================
[2026-03-19 04:00:02] 开始信号扫描 (v2 优化参数)
[2026-03-19 04:00:02] 账户净值: $108.62, 当前持仓: 5
[2026-03-19 04:00:03] 持仓已满 (5/5)，跳过扫描
[2026-03-19 04:00:02] ==================================================
[2026-03-19 04:00:02] 开始信号扫描 (v2 优化参数)
[2026-03-19 04:00:02] 账户净值: $108.62, 当前持仓: 5
[2026-03-19 04:00:03] 持仓已满 (5/5)，跳过扫描
[2026-03-19 08:00:01] ==================================================
[2026-03-19 08:00:01] 开始信号扫描 (v2 优化参数)
[2026-03-19 08:00:03] 账户净值: $108.73, 当前持仓: 5
[2026-03-19 08:00:04] 持仓已满 (5/5)，跳过扫描
[2026-03-19 08:00:01] ==================================================
[2026-03-19 08:00:01] 开始信号扫描 (v2 优化参数)
[2026-03-19 08:00:03] 账户净值: $108.73, 当前持仓: 5
[2026-03-19 08:00:04] 持仓已满 (5/5)，跳过扫描
[2026-03-19 12:00:02] ==================================================
[2026-03-19 12:00:02] 开始信号扫描 (v2 优化参数)
[2026-03-19 12:00:03] 账户净值: $108.64, 当前持仓: 5
[2026-03-19 12:00:04] 持仓已满 (5/5)，跳过扫描
[2026-03-19 12:00:02] ==================================================
[2026-03-19 12:00:02] 开始信号扫描 (v2 优化参数)
[2026-03-19 12:00:03] 账户净值: $108.64, 当前持仓: 5
[2026-03-19 12:00:04] 持仓已满 (5/5)，跳过扫描
[2026-03-19 16:00:01] ==================================================
[2026-03-19 16:00:01] 开始信号扫描 (v2 优化参数)
[2026-03-19 16:00:02] 账户净值: $108.63, 当前持仓: 5
[2026-03-19 16:00:03] 持仓已满 (5/5)，跳过扫描
[2026-03-19 16:00:01] ==================================================
[2026-03-19 16:00:01] 开始信号扫描 (v2 优化参数)
[2026-03-19 16:00:02] 账户净值: $108.63, 当前持仓: 5
[2026-03-19 16:00:03] 持仓已满 (5/5)，跳过扫描
[2026-03-19 20:00:02] ==================================================
[2026-03-19 20:00:02] 开始信号扫描 (v2 优化参数)
[2026-03-19 20:00:02] 账户净值: $108.43, 当前持仓: 5
[2026-03-19 20:00:03] 持仓已满 (5/5)，跳过扫描
[2026-03-19 20:00:02] ==================================================
[2026-03-19 20:00:02] 开始信号扫描 (v2 优化参数)
[2026-03-19 20:00:02] 账户净值: $108.43, 当前持仓: 5
[2026-03-19 20:00:03] 持仓已满 (5/5)，跳过扫描
[2026-03-20 00:00:02] ==================================================
[2026-03-20 00:00:02] 开始信号扫描 (v2 优化参数)
[2026-03-20 00:00:03] 账户净值: $108.75, 当前持仓: 5
[2026-03-20 00:00:03] 🚨 ETH 触发止盈 (mid=2118.15 <= tp=2129.8143)
[2026-03-20 00:00:06] 平仓: ETH SHORT size=0.0242 @$2127.9 | {"status": "ok", "response": {"type": "order", "data": {"statuses": [{"filled": {"totalSz": "0.0242", "avgPx": "2117.6", "oid": 354618974025}}]}}}
[2026-03-20 00:00:06] ✅ 平仓成功: ETH @$2127.9
[2026-03-20 00:00:02] ==================================================
[2026-03-20 00:00:02] 开始信号扫描 (v2 优化参数)
[2026-03-20 00:00:03] 账户净值: $108.75, 当前持仓: 5
[2026-03-20 00:00:03] 🚨 ETH 触发止盈 (mid=2118.15 <= tp=2129.8143)
[2026-03-20 00:00:06] 平仓: ETH SHORT size=0.0242 @$2127.9 | {"status": "ok", "response": {"type": "order", "data": {"statuses": [{"filled": {"totalSz": "0.0242", "avgPx": "2117.6", "oid": 354618974025}}]}}}
[2026-03-20 00:00:06] ✅ 平仓成功: ETH @$2127.9
Traceback (most recent call last):
  File "/root/.openclaw/workspace/crypto/trading_engine_v2.py", line 540, in <module>
    run_scan(paper=False, wallet_key=key, wallet_addr=wallet)
  File "/root/.openclaw/workspace/crypto/trading_engine_v2.py", line 414, in run_scan
    signal, details = generate_signal(candles, funding, len(candles) - 1)
                      ^^^^^^^^^^^^^^^^^^^^^^^^^^^^^^^^^^^^^^^^^^^^^^^^^^^
  File "/root/.openclaw/workspace/crypto/trading_engine_v2.py", line 132, in generate_signal
    if fd<-0.0005:  # 🔥超极端: <-0.05%/8h = -0.15%/天
       ^^
NameError: name 'fd' is not defined. Did you mean: 'id'?
[2026-03-20 03:21:45] ==================================================
[2026-03-20 03:21:45] 开始信号扫描 (v2 优化参数)
[2026-03-20 03:21:45] 账户净值: $109.57, 当前持仓: 3
[2026-03-20 04:00:01] ==================================================
[2026-03-20 04:00:01] 开始信号扫描 (v2 优化参数)
[2026-03-20 04:00:02] 账户净值: $109.37, 当前持仓: 3
[2026-03-20 04:00:01] ==================================================
[2026-03-20 04:00:01] 开始信号扫描 (v2 优化参数)
[2026-03-20 04:00:02] 账户净值: $109.37, 当前持仓: 3
Traceback (most recent call last):
  File "/root/.openclaw/workspace/crypto/trading_engine_v2.py", line 540, in <module>
    run_scan(paper=False, wallet_key=key, wallet_addr=wallet)
  File "/root/.openclaw/workspace/crypto/trading_engine_v2.py", line 414, in run_scan
    signal, details = generate_signal(candles, funding, len(candles) - 1)
                      ^^^^^^^^^^^^^^^^^^^^^^^^^^^^^^^^^^^^^^^^^^^^^^^^^^^
  File "/root/.openclaw/workspace/crypto/trading_engine_v2.py", line 132, in generate_signal
    if fd<-0.0005:  # 🔥超极端: <-0.05%/8h = -0.15%/天
       ^^
NameError: name 'fd' is not defined. Did you mean: 'id'?
[2026-03-20 08:00:02] ==================================================
[2026-03-20 08:00:02] 开始信号扫描 (v2 优化参数)
[2026-03-20 08:00:02] 账户净值: $109.32, 当前持仓: 3
[2026-03-20 08:00:02] ==================================================
[2026-03-20 08:00:02] 开始信号扫描 (v2 优化参数)
[2026-03-20 08:00:02] 账户净值: $109.32, 当前持仓: 3
Traceback (most recent call last):
  File "/root/.openclaw/workspace/crypto/trading_engine_v2.py", line 540, in <module>
    run_scan(paper=False, wallet_key=key, wallet_addr=wallet)
  File "/root/.openclaw/workspace/crypto/trading_engine_v2.py", line 414, in run_scan
    signal, details = generate_signal(candles, funding, len(candles) - 1)
                      ^^^^^^^^^^^^^^^^^^^^^^^^^^^^^^^^^^^^^^^^^^^^^^^^^^^
  File "/root/.openclaw/workspace/crypto/trading_engine_v2.py", line 132, in generate_signal
    if fd<-0.0005:  # 🔥超极端: <-0.05%/8h = -0.15%/天
       ^^
NameError: name 'fd' is not defined. Did you mean: 'id'?
[2026-03-20 12:00:02] ==================================================
[2026-03-20 12:00:02] 开始信号扫描 (v2 优化参数)
[2026-03-20 12:00:03] 账户净值: $109.72, 当前持仓: 3
[2026-03-20 12:00:02] ==================================================
[2026-03-20 12:00:02] 开始信号扫描 (v2 优化参数)
[2026-03-20 12:00:03] 账户净值: $109.72, 当前持仓: 3
Traceback (most recent call last):
  File "/root/.openclaw/workspace/crypto/trading_engine_v2.py", line 540, in <module>
    run_scan(paper=False, wallet_key=key, wallet_addr=wallet)
  File "/root/.openclaw/workspace/crypto/trading_engine_v2.py", line 414, in run_scan
    signal, details = generate_signal(candles, funding, len(candles) - 1)
                      ^^^^^^^^^^^^^^^^^^^^^^^^^^^^^^^^^^^^^^^^^^^^^^^^^^^
  File "/root/.openclaw/workspace/crypto/trading_engine_v2.py", line 132, in generate_signal
    if fd<-0.0005:  # 🔥超极端: <-0.05%/8h = -0.15%/天
       ^^
NameError: name 'fd' is not defined. Did you mean: 'id'?
[2026-03-20 16:00:02] ==================================================
[2026-03-20 16:00:02] 开始信号扫描 (v2 优化参数)
[2026-03-20 16:00:03] 账户净值: $109.66, 当前持仓: 2
[2026-03-20 16:00:02] ==================================================
[2026-03-20 16:00:02] 开始信号扫描 (v2 优化参数)
[2026-03-20 16:00:03] 账户净值: $109.66, 当前持仓: 2
Traceback (most recent call last):
  File "/root/.openclaw/workspace/crypto/trading_engine_v2.py", line 540, in <module>
    run_scan(paper=False, wallet_key=key, wallet_addr=wallet)
  File "/root/.openclaw/workspace/crypto/trading_engine_v2.py", line 414, in run_scan
    signal, details = generate_signal(candles, funding, len(candles) - 1)
                      ^^^^^^^^^^^^^^^^^^^^^^^^^^^^^^^^^^^^^^^^^^^^^^^^^^^
  File "/root/.openclaw/workspace/crypto/trading_engine_v2.py", line 132, in generate_signal
    if fd<-0.0005:  # 🔥超极端: <-0.05%/8h = -0.15%/天
       ^^
NameError: name 'fd' is not defined. Did you mean: 'id'?
[2026-03-20 20:00:02] ==================================================
[2026-03-20 20:00:02] 开始信号扫描 (v2 优化参数)
[2026-03-20 20:00:02] 账户净值: $109.55, 当前持仓: 2
[2026-03-20 20:00:02] ==================================================
[2026-03-20 20:00:02] 开始信号扫描 (v2 优化参数)
[2026-03-20 20:00:02] 账户净值: $109.55, 当前持仓: 2
Traceback (most recent call last):
  File "/root/.openclaw/workspace/crypto/trading_engine_v2.py", line 540, in <module>
    run_scan(paper=False, wallet_key=key, wallet_addr=wallet)
  File "/root/.openclaw/workspace/crypto/trading_engine_v2.py", line 414, in run_scan
    signal, details = generate_signal(candles, funding, len(candles) - 1)
                      ^^^^^^^^^^^^^^^^^^^^^^^^^^^^^^^^^^^^^^^^^^^^^^^^^^^
  File "/root/.openclaw/workspace/crypto/trading_engine_v2.py", line 132, in generate_signal
    if fd<-0.0005:  # 🔥超极端: <-0.05%/8h = -0.15%/天
       ^^
NameError: name 'fd' is not defined. Did you mean: 'id'?
[2026-03-21 00:00:02] ==================================================
[2026-03-21 00:00:02] 开始信号扫描 (v2 优化参数)
[2026-03-21 00:00:03] 账户净值: $109.46, 当前持仓: 2
[2026-03-21 00:00:02] ==================================================
[2026-03-21 00:00:02] 开始信号扫描 (v2 优化参数)
[2026-03-21 00:00:03] 账户净值: $109.46, 当前持仓: 2
Traceback (most recent call last):
  File "/root/.openclaw/workspace/crypto/trading_engine_v2.py", line 540, in <module>
    run_scan(paper=False, wallet_key=key, wallet_addr=wallet)
  File "/root/.openclaw/workspace/crypto/trading_engine_v2.py", line 414, in run_scan
    signal, details = generate_signal(candles, funding, len(candles) - 1)
                      ^^^^^^^^^^^^^^^^^^^^^^^^^^^^^^^^^^^^^^^^^^^^^^^^^^^
  File "/root/.openclaw/workspace/crypto/trading_engine_v2.py", line 132, in generate_signal
    if fd<-0.0005:  # 🔥超极端: <-0.05%/8h = -0.15%/天
       ^^
NameError: name 'fd' is not defined. Did you mean: 'id'?
[2026-03-21 04:00:02] ==================================================
[2026-03-21 04:00:02] 开始信号扫描 (v2 优化参数)
[2026-03-21 04:00:03] 账户净值: $109.47, 当前持仓: 2
[2026-03-21 04:00:02] ==================================================
[2026-03-21 04:00:02] 开始信号扫描 (v2 优化参数)
[2026-03-21 04:00:03] 账户净值: $109.47, 当前持仓: 2
Traceback (most recent call last):
  File "/root/.openclaw/workspace/crypto/trading_engine_v2.py", line 540, in <module>
    run_scan(paper=False, wallet_key=key, wallet_addr=wallet)
  File "/root/.openclaw/workspace/crypto/trading_engine_v2.py", line 414, in run_scan
    signal, details = generate_signal(candles, funding, len(candles) - 1)
                      ^^^^^^^^^^^^^^^^^^^^^^^^^^^^^^^^^^^^^^^^^^^^^^^^^^^
  File "/root/.openclaw/workspace/crypto/trading_engine_v2.py", line 132, in generate_signal
    if fd<-0.0005:  # 🔥超极端: <-0.05%/8h = -0.15%/天
       ^^
NameError: name 'fd' is not defined. Did you mean: 'id'?
[2026-03-21 08:00:02] ==================================================
[2026-03-21 08:00:02] 开始信号扫描 (v2 优化参数)
[2026-03-21 08:00:02] 账户净值: $109.75, 当前持仓: 2
[2026-03-21 08:00:02] ==================================================
[2026-03-21 08:00:02] 开始信号扫描 (v2 优化参数)
[2026-03-21 08:00:02] 账户净值: $109.75, 当前持仓: 2
Traceback (most recent call last):
  File "/root/.openclaw/workspace/crypto/trading_engine_v2.py", line 540, in <module>
    run_scan(paper=False, wallet_key=key, wallet_addr=wallet)
  File "/root/.openclaw/workspace/crypto/trading_engine_v2.py", line 414, in run_scan
    signal, details = generate_signal(candles, funding, len(candles) - 1)
                      ^^^^^^^^^^^^^^^^^^^^^^^^^^^^^^^^^^^^^^^^^^^^^^^^^^^
  File "/root/.openclaw/workspace/crypto/trading_engine_v2.py", line 132, in generate_signal
    if fd<-0.0005:  # 🔥超极端: <-0.05%/8h = -0.15%/天
       ^^
NameError: name 'fd' is not defined. Did you mean: 'id'?
[2026-03-21 12:00:02] ==================================================
[2026-03-21 12:00:02] 开始信号扫描 (v2 优化参数)
[2026-03-21 12:00:02] 账户净值: $109.93, 当前持仓: 2
[2026-03-21 12:00:02] ==================================================
[2026-03-21 12:00:02] 开始信号扫描 (v2 优化参数)
[2026-03-21 12:00:02] 账户净值: $109.93, 当前持仓: 2
Traceback (most recent call last):
  File "/root/.openclaw/workspace/crypto/trading_engine_v2.py", line 540, in <module>
    run_scan(paper=False, wallet_key=key, wallet_addr=wallet)
  File "/root/.openclaw/workspace/crypto/trading_engine_v2.py", line 414, in run_scan
    signal, details = generate_signal(candles, funding, len(candles) - 1)
                      ^^^^^^^^^^^^^^^^^^^^^^^^^^^^^^^^^^^^^^^^^^^^^^^^^^^
  File "/root/.openclaw/workspace/crypto/trading_engine_v2.py", line 132, in generate_signal
    if fd<-0.0005:  # 🔥超极端: <-0.05%/8h = -0.15%/天
       ^^
NameError: name 'fd' is not defined. Did you mean: 'id'?
[2026-03-21 16:00:02] ==================================================
[2026-03-21 16:00:02] 开始信号扫描 (v2 优化参数)
[2026-03-21 16:00:03] 账户净值: $109.87, 当前持仓: 2
[2026-03-21 16:00:02] ==================================================
[2026-03-21 16:00:02] 开始信号扫描 (v2 优化参数)
[2026-03-21 16:00:03] 账户净值: $109.87, 当前持仓: 2
Traceback (most recent call last):
  File "/root/.openclaw/workspace/crypto/trading_engine_v2.py", line 540, in <module>
    run_scan(paper=False, wallet_key=key, wallet_addr=wallet)
  File "/root/.openclaw/workspace/crypto/trading_engine_v2.py", line 414, in run_scan
    signal, details = generate_signal(candles, funding, len(candles) - 1)
                      ^^^^^^^^^^^^^^^^^^^^^^^^^^^^^^^^^^^^^^^^^^^^^^^^^^^
  File "/root/.openclaw/workspace/crypto/trading_engine_v2.py", line 132, in generate_signal
    if fd<-0.0005:  # 🔥超极端: <-0.05%/8h = -0.15%/天
       ^^
NameError: name 'fd' is not defined. Did you mean: 'id'?
[2026-03-21 20:00:02] ==================================================
[2026-03-21 20:00:02] 开始信号扫描 (v2 优化参数)
[2026-03-21 20:00:02] 账户净值: $109.84, 当前持仓: 2
[2026-03-21 20:00:02] ==================================================
[2026-03-21 20:00:02] 开始信号扫描 (v2 优化参数)
[2026-03-21 20:00:02] 账户净值: $109.84, 当前持仓: 2
Traceback (most recent call last):
  File "/root/.openclaw/workspace/crypto/trading_engine_v2.py", line 540, in <module>
    run_scan(paper=False, wallet_key=key, wallet_addr=wallet)
  File "/root/.openclaw/workspace/crypto/trading_engine_v2.py", line 414, in run_scan
    signal, details = generate_signal(candles, funding, len(candles) - 1)
                      ^^^^^^^^^^^^^^^^^^^^^^^^^^^^^^^^^^^^^^^^^^^^^^^^^^^
  File "/root/.openclaw/workspace/crypto/trading_engine_v2.py", line 132, in generate_signal
    if fd<-0.0005:  # 🔥超极端: <-0.05%/8h = -0.15%/天
       ^^
NameError: name 'fd' is not defined. Did you mean: 'id'?
[2026-03-22 00:00:01] ==================================================
[2026-03-22 00:00:01] 开始信号扫描 (v2 优化参数)
[2026-03-22 00:00:02] 账户净值: $109.80, 当前持仓: 2
[2026-03-22 00:00:01] ==================================================
[2026-03-22 00:00:01] 开始信号扫描 (v2 优化参数)
[2026-03-22 00:00:02] 账户净值: $109.80, 当前持仓: 2
Traceback (most recent call last):
  File "/root/.openclaw/workspace/crypto/trading_engine_v2.py", line 540, in <module>
    run_scan(paper=False, wallet_key=key, wallet_addr=wallet)
  File "/root/.openclaw/workspace/crypto/trading_engine_v2.py", line 414, in run_scan
    signal, details = generate_signal(candles, funding, len(candles) - 1)
                      ^^^^^^^^^^^^^^^^^^^^^^^^^^^^^^^^^^^^^^^^^^^^^^^^^^^
  File "/root/.openclaw/workspace/crypto/trading_engine_v2.py", line 132, in generate_signal
    if fd<-0.0005:  # 🔥超极端: <-0.05%/8h = -0.15%/天
       ^^
NameError: name 'fd' is not defined. Did you mean: 'id'?
[2026-03-22 04:00:02] ==================================================
[2026-03-22 04:00:02] 开始信号扫描 (v2 优化参数)
[2026-03-22 04:00:02] 账户净值: $109.77, 当前持仓: 2
[2026-03-22 04:00:02] ==================================================
[2026-03-22 04:00:02] 开始信号扫描 (v2 优化参数)
[2026-03-22 04:00:02] 账户净值: $109.77, 当前持仓: 2
Traceback (most recent call last):
  File "/root/.openclaw/workspace/crypto/trading_engine_v2.py", line 540, in <module>
    run_scan(paper=False, wallet_key=key, wallet_addr=wallet)
  File "/root/.openclaw/workspace/crypto/trading_engine_v2.py", line 414, in run_scan
    signal, details = generate_signal(candles, funding, len(candles) - 1)
                      ^^^^^^^^^^^^^^^^^^^^^^^^^^^^^^^^^^^^^^^^^^^^^^^^^^^
  File "/root/.openclaw/workspace/crypto/trading_engine_v2.py", line 132, in generate_signal
    if fd<-0.0005:  # 🔥超极端: <-0.05%/8h = -0.15%/天
       ^^
NameError: name 'fd' is not defined. Did you mean: 'id'?
[2026-03-22 08:00:01] ==================================================
[2026-03-22 08:00:01] 开始信号扫描 (v2 优化参数)
[2026-03-22 08:00:03] 账户净值: $108.84, 当前持仓: 2
[2026-03-22 08:00:01] ==================================================
[2026-03-22 08:00:01] 开始信号扫描 (v2 优化参数)
[2026-03-22 08:00:03] 账户净值: $108.84, 当前持仓: 2
Traceback (most recent call last):
  File "/root/.openclaw/workspace/crypto/trading_engine_v2.py", line 540, in <module>
    run_scan(paper=False, wallet_key=key, wallet_addr=wallet)
  File "/root/.openclaw/workspace/crypto/trading_engine_v2.py", line 414, in run_scan
    signal, details = generate_signal(candles, funding, len(candles) - 1)
                      ^^^^^^^^^^^^^^^^^^^^^^^^^^^^^^^^^^^^^^^^^^^^^^^^^^^
  File "/root/.openclaw/workspace/crypto/trading_engine_v2.py", line 132, in generate_signal
    if fd<-0.0005:  # 🔥超极端: <-0.05%/8h = -0.15%/天
       ^^
NameError: name 'fd' is not defined. Did you mean: 'id'?
[2026-03-22 12:00:02] ==================================================
[2026-03-22 12:00:02] 开始信号扫描 (v2 优化参数)
[2026-03-22 12:00:03] 账户净值: $109.61, 当前持仓: 3
[2026-03-22 12:00:02] ==================================================
[2026-03-22 12:00:02] 开始信号扫描 (v2 优化参数)
[2026-03-22 12:00:03] 账户净值: $109.61, 当前持仓: 3
Traceback (most recent call last):
  File "/root/.openclaw/workspace/crypto/trading_engine_v2.py", line 540, in <module>
    run_scan(paper=False, wallet_key=key, wallet_addr=wallet)
  File "/root/.openclaw/workspace/crypto/trading_engine_v2.py", line 414, in run_scan
    signal, details = generate_signal(candles, funding, len(candles) - 1)
                      ^^^^^^^^^^^^^^^^^^^^^^^^^^^^^^^^^^^^^^^^^^^^^^^^^^^
  File "/root/.openclaw/workspace/crypto/trading_engine_v2.py", line 132, in generate_signal
    if fd<-0.0005:  # 🔥超极端: <-0.05%/8h = -0.15%/天
       ^^
NameError: name 'fd' is not defined. Did you mean: 'id'?
[2026-03-22 16:00:02] ==================================================
[2026-03-22 16:00:02] 开始信号扫描 (v2 优化参数)
[2026-03-22 16:00:02] 账户净值: $108.97, 当前持仓: 3
[2026-03-22 16:00:02] ==================================================
[2026-03-22 16:00:02] 开始信号扫描 (v2 优化参数)
[2026-03-22 16:00:02] 账户净值: $108.97, 当前持仓: 3
Traceback (most recent call last):
  File "/root/.openclaw/workspace/crypto/trading_engine_v2.py", line 540, in <module>
    run_scan(paper=False, wallet_key=key, wallet_addr=wallet)
  File "/root/.openclaw/workspace/crypto/trading_engine_v2.py", line 414, in run_scan
    signal, details = generate_signal(candles, funding, len(candles) - 1)
                      ^^^^^^^^^^^^^^^^^^^^^^^^^^^^^^^^^^^^^^^^^^^^^^^^^^^
  File "/root/.openclaw/workspace/crypto/trading_engine_v2.py", line 132, in generate_signal
    if fd<-0.0005:  # 🔥超极端: <-0.05%/8h = -0.15%/天
       ^^
NameError: name 'fd' is not defined. Did you mean: 'id'?
[2026-03-22 20:00:02] ==================================================
[2026-03-22 20:00:02] 开始信号扫描 (v2 优化参数)
[2026-03-22 20:00:02] 账户净值: $108.05, 当前持仓: 3
[2026-03-22 20:00:02] ==================================================
[2026-03-22 20:00:02] 开始信号扫描 (v2 优化参数)
[2026-03-22 20:00:02] 账户净值: $108.05, 当前持仓: 3
Traceback (most recent call last):
  File "/root/.openclaw/workspace/crypto/trading_engine_v2.py", line 540, in <module>
    run_scan(paper=False, wallet_key=key, wallet_addr=wallet)
  File "/root/.openclaw/workspace/crypto/trading_engine_v2.py", line 414, in run_scan
    signal, details = generate_signal(candles, funding, len(candles) - 1)
                      ^^^^^^^^^^^^^^^^^^^^^^^^^^^^^^^^^^^^^^^^^^^^^^^^^^^
  File "/root/.openclaw/workspace/crypto/trading_engine_v2.py", line 132, in generate_signal
    if fd<-0.0005:  # 🔥超极端: <-0.05%/8h = -0.15%/天
       ^^
NameError: name 'fd' is not defined. Did you mean: 'id'?
[2026-03-23 00:00:02] ==================================================
[2026-03-23 00:00:02] 开始信号扫描 (v2 优化参数)
[2026-03-23 00:00:03] 账户净值: $108.97, 当前持仓: 3
[2026-03-23 00:00:02] ==================================================
[2026-03-23 00:00:02] 开始信号扫描 (v2 优化参数)
[2026-03-23 00:00:03] 账户净值: $108.97, 当前持仓: 3
Traceback (most recent call last):
  File "/root/.openclaw/workspace/crypto/trading_engine_v2.py", line 540, in <module>
    run_scan(paper=False, wallet_key=key, wallet_addr=wallet)
  File "/root/.openclaw/workspace/crypto/trading_engine_v2.py", line 414, in run_scan
    signal, details = generate_signal(candles, funding, len(candles) - 1)
                      ^^^^^^^^^^^^^^^^^^^^^^^^^^^^^^^^^^^^^^^^^^^^^^^^^^^
  File "/root/.openclaw/workspace/crypto/trading_engine_v2.py", line 132, in generate_signal
    if fd<-0.0005:  # 🔥超极端: <-0.05%/8h = -0.15%/天
       ^^
NameError: name 'fd' is not defined. Did you mean: 'id'?
[2026-03-23 04:00:02] ==================================================
[2026-03-23 04:00:02] 开始信号扫描 (v2 优化参数)
[2026-03-23 04:00:02] 账户净值: $107.91, 当前持仓: 3
[2026-03-23 04:00:02] ==================================================
[2026-03-23 04:00:02] 开始信号扫描 (v2 优化参数)
[2026-03-23 04:00:02] 账户净值: $107.91, 当前持仓: 3
Traceback (most recent call last):
  File "/root/.openclaw/workspace/crypto/trading_engine_v2.py", line 540, in <module>
    run_scan(paper=False, wallet_key=key, wallet_addr=wallet)
  File "/root/.openclaw/workspace/crypto/trading_engine_v2.py", line 414, in run_scan
    signal, details = generate_signal(candles, funding, len(candles) - 1)
                      ^^^^^^^^^^^^^^^^^^^^^^^^^^^^^^^^^^^^^^^^^^^^^^^^^^^
  File "/root/.openclaw/workspace/crypto/trading_engine_v2.py", line 132, in generate_signal
    if fd<-0.0005:  # 🔥超极端: <-0.05%/8h = -0.15%/天
       ^^
NameError: name 'fd' is not defined. Did you mean: 'id'?
[2026-03-23 08:00:02] ==================================================
[2026-03-23 08:00:02] 开始信号扫描 (v2 优化参数)
[2026-03-23 08:00:02] 账户净值: $107.26, 当前持仓: 3
[2026-03-23 08:00:02] ==================================================
[2026-03-23 08:00:02] 开始信号扫描 (v2 优化参数)
[2026-03-23 08:00:02] 账户净值: $107.26, 当前持仓: 3
Traceback (most recent call last):
  File "/root/.openclaw/workspace/crypto/trading_engine_v2.py", line 540, in <module>
    run_scan(paper=False, wallet_key=key, wallet_addr=wallet)
  File "/root/.openclaw/workspace/crypto/trading_engine_v2.py", line 414, in run_scan
    signal, details = generate_signal(candles, funding, len(candles) - 1)
                      ^^^^^^^^^^^^^^^^^^^^^^^^^^^^^^^^^^^^^^^^^^^^^^^^^^^
  File "/root/.openclaw/workspace/crypto/trading_engine_v2.py", line 132, in generate_signal
    if fd<-0.0005:  # 🔥超极端: <-0.05%/8h = -0.15%/天
       ^^
NameError: name 'fd' is not defined. Did you mean: 'id'?
[2026-03-23 10:27:17] ==================================================
[2026-03-23 10:27:17] 开始信号扫描 (v2 优化参数)
[2026-03-23 10:27:17] 账户净值: $107.92, 当前持仓: 3
[2026-03-23 10:27:20] 扫描完成
[2026-03-23 10:29:38] ==================================================
[2026-03-23 10:29:38] 开始信号扫描 (v2 优化参数)
[2026-03-23 10:29:39] 账户净值: $108.02, 当前持仓: 3
[2026-03-23 10:29:41] 扫描完成
[2026-03-23 12:00:01] ==================================================
[2026-03-23 12:00:01] 开始信号扫描 (v2 优化参数)
[2026-03-23 12:00:02] 账户净值: $107.44, 当前持仓: 3
[2026-03-23 12:00:01] ==================================================
[2026-03-23 12:00:01] 开始信号扫描 (v2 优化参数)
[2026-03-23 12:00:02] 账户净值: $107.44, 当前持仓: 3
Traceback (most recent call last):
  File "/root/.openclaw/workspace/crypto/trading_engine_v2.py", line 557, in <module>
    run_scan(paper=False, wallet_key=key, wallet_addr=wallet)
  File "/root/.openclaw/workspace/crypto/trading_engine_v2.py", line 385, in run_scan
    candles = info.candles_snapshot(coin, CANDLE_INTERVAL, start_ms, now_ms)
                                          ^^^^^^^^^^^^^^^
NameError: name 'CANDLE_INTERVAL' is not defined
[2026-03-23 15:06:52] ==================================================
[2026-03-23 15:06:52] 开始信号扫描 (v2 优化参数)
[2026-03-23 15:06:52] 账户净值: $106.09, 当前持仓: 3
[2026-03-23 15:12:49] ==================================================
[2026-03-23 15:12:49] 开始信号扫描 (v2 优化参数)
[2026-03-23 15:12:50] 账户净值: $106.79, 当前持仓: 3
[2026-03-23 16:00:01] ==================================================
[2026-03-23 16:00:01] 开始信号扫描 (v2 优化参数)
[2026-03-23 16:00:02] 账户净值: $107.34, 当前持仓: 3
[2026-03-23 16:00:01] ==================================================
[2026-03-23 16:00:01] 开始信号扫描 (v2 优化参数)
[2026-03-23 16:00:02] 账户净值: $107.34, 当前持仓: 3
Traceback (most recent call last):
  File "/root/.openclaw/workspace/crypto/trading_engine_v2.py", line 557, in <module>
    run_scan(paper=False, wallet_key=key, wallet_addr=wallet)
  File "/root/.openclaw/workspace/crypto/trading_engine_v2.py", line 385, in run_scan
    candles = info.candles_snapshot(coin, CANDLE_INTERVAL, start_ms, now_ms)
                                          ^^^^^^^^^^^^^^^
NameError: name 'CANDLE_INTERVAL' is not defined
[2026-03-23 20:00:02] ==================================================
[2026-03-23 20:00:02] 开始信号扫描 (v2 优化参数)
[2026-03-23 20:00:03] 账户净值: $111.69, 当前持仓: 3
[2026-03-23 20:00:02] ==================================================
[2026-03-23 20:00:02] 开始信号扫描 (v2 优化参数)
[2026-03-23 20:00:03] 账户净值: $111.69, 当前持仓: 3
Traceback (most recent call last):
  File "/root/.openclaw/workspace/crypto/trading_engine_v2.py", line 557, in <module>
    run_scan(paper=False, wallet_key=key, wallet_addr=wallet)
  File "/root/.openclaw/workspace/crypto/trading_engine_v2.py", line 385, in run_scan
    candles = info.candles_snapshot(coin, CANDLE_INTERVAL, start_ms, now_ms)
                                          ^^^^^^^^^^^^^^^
NameError: name 'CANDLE_INTERVAL' is not defined
[2026-03-23 21:39:18] ==================================================
[2026-03-23 21:39:18] 开始信号扫描 (v2 优化参数)
[2026-03-23 21:39:18] 账户净值: $113.50, 当前持仓: 3
[2026-03-23 21:39:18] 🚨 BTC 触发止盈 (mid=71030.5 >= tp=70411.7000)
[2026-03-23 21:39:19] 🚨 ETH 触发止盈 (mid=2157.05 >= tp=2143.3071)
[2026-03-23 21:39:19] 🚨 SOL 触发止盈 (mid=90.6565 >= tp=89.5154)
[2026-03-23 21:40:05] ==================================================
[2026-03-23 21:40:05] 开始信号扫描 (v2 优化参数)
[2026-03-23 21:40:06] 账户净值: $113.61, 当前持仓: 3
[2026-03-23 21:40:06] 🚨 BTC 触发止盈 (mid=71134.0 >= tp=70429.4143)
[2026-03-23 21:40:06] 🚨 ETH 触发止盈 (mid=2159.55 >= tp=2143.8929)
[2026-03-23 21:40:06] 🚨 SOL 触发止盈 (mid=90.6835 >= tp=89.5219)
[2026-03-23 21:40:06]   BTC: 保证金 $73.78 超限 (max $28.40)，跳过
[2026-03-23 21:40:07]   ETH: 保证金 $58.01 超限 (max $28.40)，跳过
[2026-03-23 21:40:07]   AVAX: 保证金 $64.43 超限 (max $28.40)，跳过
[2026-03-23 21:40:09] ✅ 笔记已写入知识库
[2026-03-23 21:40:09] 扫描完成
[2026-03-23 21:40:31] ==================================================
[2026-03-23 21:40:31] 开始信号扫描 (v2 优化参数)
[2026-03-23 21:40:32] 账户净值: $113.42, 当前持仓: 3
[2026-03-23 21:40:32] 🚨 BTC 触发止盈 (mid=71001.5 >= tp=70429.4143)
[2026-03-23 21:40:32] 🚨 ETH 触发止盈 (mid=2155.65 >= tp=2143.8929)
[2026-03-23 21:40:33] 🚨 SOL 触发止盈 (mid=90.465 >= tp=89.5219)
[2026-03-23 21:40:33]   BTC: 保证金 $73.52 超限 (max $28.36)，跳过
[2026-03-23 21:40:33]   ETH: 保证金 $57.81 超限 (max $28.36)，跳过
[2026-03-23 21:40:34]   AVAX: 保证金 $64.21 超限 (max $28.36)，跳过
[2026-03-23 21:40:39] ✅ 笔记已写入知识库
[2026-03-23 21:40:39] 扫描完成
[2026-03-23 21:40:53] ==================================================
[2026-03-23 21:40:53] 开始信号扫描 (v2 优化参数)
[2026-03-23 21:40:53] 账户净值: $113.51, 当前持仓: 3
[2026-03-23 21:40:54] 🚨 BTC 触发止盈 (mid=71087.5 >= tp=70429.4143)
[2026-03-23 21:40:54] 🚨 ETH 触发止盈 (mid=2157.65 >= tp=2143.8929)
[2026-03-23 21:40:54] 🚨 SOL 触发止盈 (mid=90.5615 >= tp=89.5219)
[2026-03-23 21:40:55]   BTC: 保证金 $73.69 超限 (max $28.38)，跳过
[2026-03-23 21:40:55]   ETH: 保证金 $57.91 超限 (max $28.38)，跳过
[2026-03-23 21:40:56]   AVAX: 保证金 $64.31 超限 (max $28.38)，跳过
[2026-03-23 21:41:01] ✅ 笔记已写入知识库
[2026-03-23 21:41:01] 扫描完成
[2026-03-24 00:00:02] ==================================================
[2026-03-24 00:00:02] 开始信号扫描 (v2 优化参数)
[2026-03-24 00:00:03] 账户净值: $111.82, 当前持仓: 3
[2026-03-24 00:00:04] 🚨 SOL 触发止盈 (mid=89.899 >= tp=89.6660)
[2026-03-24 00:00:07] 平仓: SOL LONG size=0.23 @$89.496 | {"status": "ok", "response": {"type": "order", "data": {"statuses": [{"filled": {"totalSz": "0.23", "avgPx": "89.948", "oid": 358716504911}}]}}}
[2026-03-24 00:00:07] ✅ 平仓成功: SOL @$89.496
[2026-03-24 00:00:10] ✅ 笔记已写入知识库
[2026-03-24 00:00:10] 扫描完成
[2026-03-24 00:00:02] ==================================================
[2026-03-24 00:00:02] 开始信号扫描 (v2 优化参数)
[2026-03-24 00:00:03] 账户净值: $111.82, 当前持仓: 3
[2026-03-24 00:00:04] 🚨 SOL 触发止盈 (mid=89.899 >= tp=89.6660)
[2026-03-24 00:00:07] 平仓: SOL LONG size=0.23 @$89.496 | {"status": "ok", "response": {"type": "order", "data": {"statuses": [{"filled": {"totalSz": "0.23", "avgPx": "89.948", "oid": 358716504911}}]}}}
[2026-03-24 00:00:07] ✅ 平仓成功: SOL @$89.496
[2026-03-24 00:00:10] ✅ 笔记已写入知识库
[2026-03-24 00:00:10] 扫描完成
[2026-03-24 02:21:47] ==================================================
[2026-03-24 02:21:47] 开始信号扫描 (v2 优化参数)
[2026-03-24 02:21:48] 账户净值: $113.02, 当前持仓: 2
[2026-03-24 02:21:48] 🚨 BTC 触发止盈 (mid=70917.0 >= tp=70620.9857)
[2026-03-24 02:21:52] ✅ 笔记已写入知识库
[2026-03-24 02:21:52] 扫描完成
[2026-03-24 04:00:01] ==================================================
[2026-03-24 04:00:01] 开始信号扫描 (v2 优化参数)
[2026-03-24 04:00:02] 账户净值: $112.96, 当前持仓: 2
[2026-03-24 04:00:02] 🚨 BTC 触发止盈 (mid=70677.5 >= tp=70500.9857)
[2026-03-24 04:00:04] 平仓: BTC LONG size=0.0008 @$70333 | {"status": "ok", "response": {"type": "order", "data": {"statuses": [{"filled": {"totalSz": "0.0008", "avgPx": "70684.0", "oid": 358963579794}}]}}}
[2026-03-24 04:00:04] ✅ 平仓成功: BTC @$70333
[2026-03-24 04:00:05] 🚨 ETH 触发止盈 (mid=2153.85 >= tp=2152.4357)
[2026-03-24 04:00:06] 平仓: ETH LONG size=0.0251 @$2143.5 | {"status": "ok", "response": {"type": "order", "data": {"statuses": [{"filled": {"totalSz": "0.0251", "avgPx": "2154.2", "oid": 358963625398}}]}}}
[2026-03-24 04:00:06] ✅ 平仓成功: ETH @$2143.5
[2026-03-24 04:00:10] ✅ 笔记已写入知识库
[2026-03-24 04:00:10] 扫描完成
[2026-03-24 04:00:01] ==================================================
[2026-03-24 04:00:01] 开始信号扫描 (v2 优化参数)
[2026-03-24 04:00:02] 账户净值: $112.96, 当前持仓: 2
[2026-03-24 04:00:02] 🚨 BTC 触发止盈 (mid=70677.5 >= tp=70500.9857)
[2026-03-24 04:00:04] 平仓: BTC LONG size=0.0008 @$70333 | {"status": "ok", "response": {"type": "order", "data": {"statuses": [{"filled": {"totalSz": "0.0008", "avgPx": "70684.0", "oid": 358963579794}}]}}}
[2026-03-24 04:00:04] ✅ 平仓成功: BTC @$70333
[2026-03-24 04:00:05] 🚨 ETH 触发止盈 (mid=2153.85 >= tp=2152.4357)
[2026-03-24 04:00:06] 平仓: ETH LONG size=0.0251 @$2143.5 | {"status": "ok", "response": {"type": "order", "data": {"statuses": [{"filled": {"totalSz": "0.0251", "avgPx": "2154.2", "oid": 358963625398}}]}}}
[2026-03-24 04:00:06] ✅ 平仓成功: ETH @$2143.5
[2026-03-24 04:00:10] ✅ 笔记已写入知识库
[2026-03-24 04:00:10] 扫描完成
[2026-03-24 08:00:02] ==================================================
[2026-03-24 08:00:02] 开始信号扫描 (v2 优化参数)
[2026-03-24 08:00:03] 账户净值: $112.91, 当前持仓: 0
[2026-03-24 08:00:06] 扫描完成
[2026-03-24 08:00:02] ==================================================
[2026-03-24 08:00:02] 开始信号扫描 (v2 优化参数)
[2026-03-24 08:00:03] 账户净值: $112.91, 当前持仓: 0
[2026-03-24 08:00:06] 扫描完成
[2026-03-24 12:00:02] ==================================================
[2026-03-24 12:00:02] 开始信号扫描 (v2 优化参数)
[2026-03-24 12:00:02] 账户净值: $112.91, 当前持仓: 0
[2026-03-24 12:00:05] 扫描完成
[2026-03-24 12:00:02] ==================================================
[2026-03-24 12:00:02] 开始信号扫描 (v2 优化参数)
[2026-03-24 12:00:02] 账户净值: $112.91, 当前持仓: 0
[2026-03-24 12:00:05] 扫描完成
[2026-03-24 16:00:02] ==================================================
[2026-03-24 16:00:02] 开始信号扫描 (v2 优化参数)
[2026-03-24 16:00:03] 账户净值: $112.91, 当前持仓: 0
[2026-03-24 16:00:07] 扫描完成
[2026-03-24 16:00:02] ==================================================
[2026-03-24 16:00:02] 开始信号扫描 (v2 优化参数)
[2026-03-24 16:00:03] 账户净值: $112.91, 当前持仓: 0
[2026-03-24 16:00:07] 扫描完成
[2026-03-24 20:00:01] ==================================================
[2026-03-24 20:00:01] 开始信号扫描 (v2 优化参数)
[2026-03-24 20:00:02] 账户净值: $112.91, 当前持仓: 0
[2026-03-24 20:00:03]   AVAX: 保证金 $108.21 超限 (max $28.23)，跳过
[2026-03-24 20:00:04] 扫描完成
[2026-03-24 20:00:01] ==================================================
[2026-03-24 20:00:01] 开始信号扫描 (v2 优化参数)
[2026-03-24 20:00:02] 账户净值: $112.91, 当前持仓: 0
[2026-03-24 20:00:03]   AVAX: 保证金 $108.21 超限 (max $28.23)，跳过
[2026-03-24 20:00:04] 扫描完成
[2026-03-25 00:00:03] ==================================================
[2026-03-25 00:00:03] 开始信号扫描 (v2 优化参数)
[2026-03-25 00:00:04] 账户净值: $112.91, 当前持仓: 0
[2026-03-25 00:00:08] 扫描完成
[2026-03-25 00:00:03] ==================================================
[2026-03-25 00:00:03] 开始信号扫描 (v2 优化参数)
[2026-03-25 00:00:04] 账户净值: $112.91, 当前持仓: 0
[2026-03-25 00:00:08] 扫描完成
[2026-03-25 04:00:03] ==================================================
[2026-03-25 04:00:03] 开始信号扫描 (v2 优化参数)
[2026-03-25 04:00:03] 账户净值: $112.91, 当前持仓: 0
[2026-03-25 04:00:06] 扫描完成
[2026-03-25 04:00:03] ==================================================
[2026-03-25 04:00:03] 开始信号扫描 (v2 优化参数)
[2026-03-25 04:00:03] 账户净值: $112.91, 当前持仓: 0
[2026-03-25 04:00:06] 扫描完成
[2026-03-25 08:00:02] ==================================================
[2026-03-25 08:00:02] 开始信号扫描 (v2 优化参数)
[2026-03-25 08:00:03] 账户净值: $112.91, 当前持仓: 0
[2026-03-25 08:00:07] 扫描完成
[2026-03-25 08:00:02] ==================================================
[2026-03-25 08:00:02] 开始信号扫描 (v2 优化参数)
[2026-03-25 08:00:03] 账户净值: $112.91, 当前持仓: 0
[2026-03-25 08:00:07] 扫描完成
[2026-03-25 12:00:04] ==================================================
[2026-03-25 12:00:04] 开始信号扫描 (v2 优化参数)
[2026-03-25 12:00:04] 账户净值: $112.91, 当前持仓: 0
[2026-03-25 12:00:07] 扫描完成
[2026-03-25 12:00:04] ==================================================
[2026-03-25 12:00:04] 开始信号扫描 (v2 优化参数)
[2026-03-25 12:00:04] 账户净值: $112.91, 当前持仓: 0
[2026-03-25 12:00:07] 扫描完成
[2026-03-25 16:00:02] ==================================================
[2026-03-25 16:00:02] 开始信号扫描 (v2 优化参数)
[2026-03-25 16:00:03] 账户净值: $112.91, 当前持仓: 0
[2026-03-25 16:00:07] 扫描完成
[2026-03-25 16:00:02] ==================================================
[2026-03-25 16:00:02] 开始信号扫描 (v2 优化参数)
[2026-03-25 16:00:03] 账户净值: $112.91, 当前持仓: 0
[2026-03-25 16:00:07] 扫描完成
[2026-03-25 20:00:02] ==================================================
[2026-03-25 20:00:02] 开始信号扫描 (v2 优化参数)
[2026-03-25 20:00:02] 账户净值: $112.91, 当前持仓: 0
[2026-03-25 20:00:07] 扫描完成
[2026-03-25 20:00:02] ==================================================
[2026-03-25 20:00:02] 开始信号扫描 (v2 优化参数)
[2026-03-25 20:00:02] 账户净值: $112.91, 当前持仓: 0
[2026-03-25 20:00:07] 扫描完成
[2026-03-26 00:00:03] ==================================================
[2026-03-26 00:00:03] 开始信号扫描 (v2 优化参数)
[2026-03-26 00:00:03] 账户净值: $112.91, 当前持仓: 0
[2026-03-26 00:00:07] 扫描完成
[2026-03-26 00:00:03] ==================================================
[2026-03-26 00:00:03] 开始信号扫描 (v2 优化参数)
[2026-03-26 00:00:03] 账户净值: $112.91, 当前持仓: 0
[2026-03-26 00:00:07] 扫描完成
[2026-03-26 04:00:03] ==================================================
[2026-03-26 04:00:03] 开始信号扫描 (v2 优化参数)
[2026-03-26 04:00:03] 账户净值: $112.91, 当前持仓: 0
[2026-03-26 04:00:08]   JUP: 保证金 $89.81 超限 (max $28.23)，跳过
[2026-03-26 04:00:08] 扫描完成
[2026-03-26 04:00:03] ==================================================
[2026-03-26 04:00:03] 开始信号扫描 (v2 优化参数)
[2026-03-26 04:00:03] 账户净值: $112.91, 当前持仓: 0
[2026-03-26 04:00:08]   JUP: 保证金 $89.81 超限 (max $28.23)，跳过
[2026-03-26 04:00:08] 扫描完成
[2026-03-26 08:00:03] ==================================================
[2026-03-26 08:00:03] 开始信号扫描 (v2 优化参数)
[2026-03-26 08:00:03] 账户净值: $112.91, 当前持仓: 0
[2026-03-26 08:00:06] 扫描完成
[2026-03-26 08:00:03] ==================================================
[2026-03-26 08:00:03] 开始信号扫描 (v2 优化参数)
[2026-03-26 08:00:03] 账户净值: $112.91, 当前持仓: 0
[2026-03-26 08:00:06] 扫描完成
[2026-03-26 12:00:04] ==================================================
[2026-03-26 12:00:04] 开始信号扫描 (v2 优化参数)
[2026-03-26 12:00:04] 账户净值: $112.91, 当前持仓: 0
[2026-03-26 12:00:08] 扫描完成
[2026-03-26 12:00:04] ==================================================
[2026-03-26 12:00:04] 开始信号扫描 (v2 优化参数)
[2026-03-26 12:00:04] 账户净值: $112.91, 当前持仓: 0
[2026-03-26 12:00:08] 扫描完成
[2026-03-26 16:00:02] ==================================================
[2026-03-26 16:00:02] 开始信号扫描 (v2 优化参数)
[2026-03-26 16:00:03] 账户净值: $112.91, 当前持仓: 0
[2026-03-26 16:00:07] 扫描完成
[2026-03-26 16:00:02] ==================================================
[2026-03-26 16:00:02] 开始信号扫描 (v2 优化参数)
[2026-03-26 16:00:03] 账户净值: $112.91, 当前持仓: 0
[2026-03-26 16:00:07] 扫描完成
[2026-03-26 20:00:03] ==================================================
[2026-03-26 20:00:03] 开始信号扫描 (v2 优化参数)
[2026-03-26 20:00:03] 账户净值: $112.91, 当前持仓: 0
[2026-03-26 20:00:08] 扫描完成
[2026-03-26 20:00:03] ==================================================
[2026-03-26 20:00:03] 开始信号扫描 (v2 优化参数)
[2026-03-26 20:00:03] 账户净值: $112.91, 当前持仓: 0
[2026-03-26 20:00:08] 扫描完成
[2026-03-27 00:00:04] ==================================================
[2026-03-27 00:00:04] 开始信号扫描 (v2 优化参数)
[2026-03-27 00:00:05] 账户净值: $112.91, 当前持仓: 0
[2026-03-27 00:00:08] 扫描完成
[2026-03-27 00:00:04] ==================================================
[2026-03-27 00:00:04] 开始信号扫描 (v2 优化参数)
[2026-03-27 00:00:05] 账户净值: $112.91, 当前持仓: 0
[2026-03-27 00:00:08] 扫描完成
[2026-03-27 04:00:03] ==================================================
[2026-03-27 04:00:03] 开始信号扫描 (v2 优化参数)
[2026-03-27 04:00:04] 账户净值: $112.91, 当前持仓: 0
[2026-03-27 04:00:08] 扫描完成
[2026-03-27 04:00:03] ==================================================
[2026-03-27 04:00:03] 开始信号扫描 (v2 优化参数)
[2026-03-27 04:00:04] 账户净值: $112.91, 当前持仓: 0
[2026-03-27 04:00:08] 扫描完成
[2026-03-27 08:00:04] ==================================================
[2026-03-27 08:00:04] 开始信号扫描 (v2 优化参数)
[2026-03-27 08:00:05] 账户净值: $112.91, 当前持仓: 0
[2026-03-27 08:00:09] 扫描完成
[2026-03-27 08:00:04] ==================================================
[2026-03-27 08:00:04] 开始信号扫描 (v2 优化参数)
[2026-03-27 08:00:05] 账户净值: $112.91, 当前持仓: 0
[2026-03-27 08:00:09] 扫描完成
[2026-03-27 12:00:05] ==================================================
[2026-03-27 12:00:05] 开始信号扫描 (v2 优化参数)
[2026-03-27 12:00:05] 账户净值: $112.91, 当前持仓: 0
[2026-03-27 12:00:09] 扫描完成
[2026-03-27 12:00:05] ==================================================
[2026-03-27 12:00:05] 开始信号扫描 (v2 优化参数)
[2026-03-27 12:00:05] 账户净值: $112.91, 当前持仓: 0
[2026-03-27 12:00:09] 扫描完成
[2026-03-27 16:00:04] ==================================================
[2026-03-27 16:00:04] 开始信号扫描 (v2 优化参数)
[2026-03-27 16:00:05] 账户净值: $112.91, 当前持仓: 0
[2026-03-27 16:00:07]   APT: 保证金 $94.49 超限 (max $28.23)，跳过
[2026-03-27 16:00:07]   ATOM: 保证金 $126.17 超限 (max $28.23)，跳过
[2026-03-27 16:00:08] 扫描完成
[2026-03-27 16:00:04] ==================================================
[2026-03-27 16:00:04] 开始信号扫描 (v2 优化参数)
[2026-03-27 16:00:05] 账户净值: $112.91, 当前持仓: 0
[2026-03-27 16:00:07]   APT: 保证金 $94.49 超限 (max $28.23)，跳过
[2026-03-27 16:00:07]   ATOM: 保证金 $126.17 超限 (max $28.23)，跳过
[2026-03-27 16:00:08] 扫描完成
[2026-03-27 20:00:04] ==================================================
[2026-03-27 20:00:04] 开始信号扫描 (v2 优化参数)
[2026-03-27 20:00:05] 账户净值: $112.91, 当前持仓: 0
[2026-03-27 20:00:08]   ATOM: 保证金 $95.06 超限 (max $28.23)，跳过
[2026-03-27 20:00:08] 扫描完成
[2026-03-27 20:00:04] ==================================================
[2026-03-27 20:00:04] 开始信号扫描 (v2 优化参数)
[2026-03-27 20:00:05] 账户净值: $112.91, 当前持仓: 0
[2026-03-27 20:00:08]   ATOM: 保证金 $95.06 超限 (max $28.23)，跳过
[2026-03-27 20:00:08] 扫描完成
[2026-03-28 00:00:03] ==================================================
[2026-03-28 00:00:03] 开始信号扫描 (v2 优化参数)
[2026-03-28 00:00:03] 账户净值: $112.91, 当前持仓: 0
[2026-03-28 00:00:06] 扫描完成
[2026-03-28 00:00:03] ==================================================
[2026-03-28 00:00:03] 开始信号扫描 (v2 优化参数)
[2026-03-28 00:00:03] 账户净值: $112.91, 当前持仓: 0
[2026-03-28 00:00:06] 扫描完成
[2026-03-28 04:00:03] ==================================================
[2026-03-28 04:00:03] 开始信号扫描 (v2 优化参数)
[2026-03-28 04:00:04] 账户净值: $112.91, 当前持仓: 0
[2026-03-28 04:00:07] 扫描完成
[2026-03-28 04:00:03] ==================================================
[2026-03-28 04:00:03] 开始信号扫描 (v2 优化参数)
[2026-03-28 04:00:04] 账户净值: $112.91, 当前持仓: 0
[2026-03-28 04:00:07] 扫描完成
[2026-03-28 08:00:03] ==================================================
[2026-03-28 08:00:03] 开始信号扫描 (v2 优化参数)
[2026-03-28 08:00:04] 账户净值: $112.91, 当前持仓: 0
[2026-03-28 08:00:06] 扫描完成
[2026-03-28 08:00:03] ==================================================
[2026-03-28 08:00:03] 开始信号扫描 (v2 优化参数)
[2026-03-28 08:00:04] 账户净值: $112.91, 当前持仓: 0
[2026-03-28 08:00:06] 扫描完成
[2026-03-28 12:00:03] ==================================================
[2026-03-28 12:00:03] 开始信号扫描 (v2 优化参数)
[2026-03-28 12:00:04] 账户净值: $112.91, 当前持仓: 0
[2026-03-28 12:00:08] 扫描完成
[2026-03-28 12:00:03] ==================================================
[2026-03-28 12:00:03] 开始信号扫描 (v2 优化参数)
[2026-03-28 12:00:04] 账户净值: $112.91, 当前持仓: 0
[2026-03-28 12:00:08] 扫描完成
[2026-03-28 13:52:13] ==================================================
[2026-03-28 13:52:13] 开始信号扫描 (v2 优化参数)
[2026-03-28 13:52:13] 账户净值: $112.91, 当前持仓: 0
[2026-03-28 13:52:18] 扫描完成
[2026-03-28 16:00:02] ==================================================
[2026-03-28 16:00:02] 开始信号扫描 (v2 优化参数)
[2026-03-28 16:00:03] 账户净值: $112.92, 当前持仓: 1
[2026-03-28 16:00:05] 扫描完成
[2026-03-28 16:00:02] ==================================================
[2026-03-28 16:00:02] 开始信号扫描 (v2 优化参数)
[2026-03-28 16:00:03] 账户净值: $112.92, 当前持仓: 1
[2026-03-28 16:00:05] 扫描完成
