[2026-03-25 11:00] 开始执行A股巡检任务...
获取A股数据失败: module 'akshare' has no attribute 'stock_a_gt'
推送消息:
 🇨🇳 A股大盘速递 [2026-03-25 11:00]
━━━━━━━━━━━━━━━━
📉 上证指数: 0 | 0%
📉 深证成指: 0 | 0%
📉 创业板指: 0 | 0%
💸 北向资金: 0亿
📊 涨跌家数: 0涨 / 0跌

消息推送失败: 401 Client Error: Unauthorized for url: https://api.telegram.org/bot7055825817:AAG8VqJw3PmzJgV2bU0J10FzrRgU4X7Y9zM/sendMessage
A股巡检任务执行完成
[2026-03-25 12:00] 开始执行A股巡检任务...
获取A股数据失败: module 'akshare' has no attribute 'stock_a_gt'
推送消息:
 🇨🇳 A股大盘速递 [2026-03-25 12:00]
━━━━━━━━━━━━━━━━
📉 上证指数: 0 | 0%
📉 深证成指: 0 | 0%
📉 创业板指: 0 | 0%
💸 北向资金: 0亿
📊 涨跌家数: 0涨 / 0跌

消息推送失败: 401 Client Error: Unauthorized for url: https://api.telegram.org/bot7055825817:AAG8VqJw3PmzJgV2bU0J10FzrRgU4X7Y9zM/sendMessage
A股巡检任务执行完成
[2026-03-25 13:00] 开始执行A股巡检任务...
获取A股数据失败: module 'akshare' has no attribute 'stock_a_gt'
推送消息:
 🇨🇳 A股大盘速递 [2026-03-25 13:00]
━━━━━━━━━━━━━━━━
📉 上证指数: 0 | 0%
📉 深证成指: 0 | 0%
📉 创业板指: 0 | 0%
💸 北向资金: 0亿
📊 涨跌家数: 0涨 / 0跌

消息推送失败: 401 Client Error: Unauthorized for url: https://api.telegram.org/bot7055825817:AAG8VqJw3PmzJgV2bU0J10FzrRgU4X7Y9zM/sendMessage
A股巡检任务执行完成
[2026-03-25 14:00] 开始执行A股巡检任务...
获取A股数据失败: module 'akshare' has no attribute 'stock_a_gt'
推送消息:
 🇨🇳 A股大盘速递 [2026-03-25 14:00]
━━━━━━━━━━━━━━━━
📉 上证指数: 0 | 0%
📉 深证成指: 0 | 0%
📉 创业板指: 0 | 0%
💸 北向资金: 0亿
📊 涨跌家数: 0涨 / 0跌

消息推送失败: 401 Client Error: Unauthorized for url: https://api.telegram.org/bot7055825817:AAG8VqJw3PmzJgV2bU0J10FzrRgU4X7Y9zM/sendMessage
A股巡检任务执行完成
[2026-03-25 15:00] 开始执行A股巡检任务...
获取A股数据失败: module 'akshare' has no attribute 'stock_a_gt'
推送消息:
 🇨🇳 A股大盘速递 [2026-03-25 15:00]
━━━━━━━━━━━━━━━━
📉 上证指数: 0 | 0%
📉 深证成指: 0 | 0%
📉 创业板指: 0 | 0%
💸 北向资金: 0亿
📊 涨跌家数: 0涨 / 0跌

消息推送失败: 401 Client Error: Unauthorized for url: https://api.telegram.org/bot7055825817:AAG8VqJw3PmzJgV2bU0J10FzrRgU4X7Y9zM/sendMessage
A股巡检任务执行完成
[2026-03-26 09:00] 开始执行A股巡检任务...
获取A股数据失败: module 'akshare' has no attribute 'stock_a_gt'
推送消息:
 🇨🇳 A股大盘速递 [2026-03-26 09:00]
━━━━━━━━━━━━━━━━
📉 上证指数: 0 | 0%
📉 深证成指: 0 | 0%
📉 创业板指: 0 | 0%
💸 北向资金: 0亿
📊 涨跌家数: 0涨 / 0跌

消息推送失败: 401 Client Error: Unauthorized for url: https://api.telegram.org/bot7055825817:AAG8VqJw3PmzJgV2bU0J10FzrRgU4X7Y9zM/sendMessage
A股巡检任务执行完成
[2026-03-26 10:00] 开始执行A股巡检任务...
获取A股数据失败: module 'akshare' has no attribute 'stock_a_gt'
推送消息:
 🇨🇳 A股大盘速递 [2026-03-26 10:00]
━━━━━━━━━━━━━━━━
📉 上证指数: 0 | 0%
📉 深证成指: 0 | 0%
📉 创业板指: 0 | 0%
💸 北向资金: 0亿
📊 涨跌家数: 0涨 / 0跌

消息推送失败: 401 Client Error: Unauthorized for url: https://api.telegram.org/bot7055825817:AAG8VqJw3PmzJgV2bU0J10FzrRgU4X7Y9zM/sendMessage
A股巡检任务执行完成
[2026-03-26 11:00] 开始执行A股巡检任务...
获取A股数据失败: module 'akshare' has no attribute 'stock_a_gt'
推送消息:
 🇨🇳 A股大盘速递 [2026-03-26 11:00]
━━━━━━━━━━━━━━━━
📉 上证指数: 0 | 0%
📉 深证成指: 0 | 0%
📉 创业板指: 0 | 0%
💸 北向资金: 0亿
📊 涨跌家数: 0涨 / 0跌

消息推送失败: 401 Client Error: Unauthorized for url: https://api.telegram.org/bot7055825817:AAG8VqJw3PmzJgV2bU0J10FzrRgU4X7Y9zM/sendMessage
A股巡检任务执行完成
[2026-03-26 12:00] 开始执行A股巡检任务...
获取A股数据失败: module 'akshare' has no attribute 'stock_a_gt'
推送消息:
 🇨🇳 A股大盘速递 [2026-03-26 12:00]
━━━━━━━━━━━━━━━━
📉 上证指数: 0 | 0%
📉 深证成指: 0 | 0%
📉 创业板指: 0 | 0%
💸 北向资金: 0亿
📊 涨跌家数: 0涨 / 0跌

消息推送失败: 401 Client Error: Unauthorized for url: https://api.telegram.org/bot7055825817:AAG8VqJw3PmzJgV2bU0J10FzrRgU4X7Y9zM/sendMessage
A股巡检任务执行完成
[2026-03-26 13:00] 开始执行A股巡检任务...
获取A股数据失败: module 'akshare' has no attribute 'stock_a_gt'
推送消息:
 🇨🇳 A股大盘速递 [2026-03-26 13:00]
━━━━━━━━━━━━━━━━
📉 上证指数: 0 | 0%
📉 深证成指: 0 | 0%
📉 创业板指: 0 | 0%
💸 北向资金: 0亿
📊 涨跌家数: 0涨 / 0跌

消息推送失败: 401 Client Error: Unauthorized for url: https://api.telegram.org/bot7055825817:AAG8VqJw3PmzJgV2bU0J10FzrRgU4X7Y9zM/sendMessage
A股巡检任务执行完成
[2026-03-26 14:00] 开始执行A股巡检任务...
获取A股数据失败: module 'akshare' has no attribute 'stock_a_gt'
推送消息:
 🇨🇳 A股大盘速递 [2026-03-26 14:00]
━━━━━━━━━━━━━━━━
📉 上证指数: 0 | 0%
📉 深证成指: 0 | 0%
📉 创业板指: 0 | 0%
💸 北向资金: 0亿
📊 涨跌家数: 0涨 / 0跌

消息推送失败: 401 Client Error: Unauthorized for url: https://api.telegram.org/bot7055825817:AAG8VqJw3PmzJgV2bU0J10FzrRgU4X7Y9zM/sendMessage
A股巡检任务执行完成
[2026-03-26 15:00] 开始执行A股巡检任务...
获取A股数据失败: module 'akshare' has no attribute 'stock_a_gt'
推送消息:
 🇨🇳 A股大盘速递 [2026-03-26 15:00]
━━━━━━━━━━━━━━━━
📉 上证指数: 0 | 0%
📉 深证成指: 0 | 0%
📉 创业板指: 0 | 0%
💸 北向资金: 0亿
📊 涨跌家数: 0涨 / 0跌

消息推送失败: 401 Client Error: Unauthorized for url: https://api.telegram.org/bot7055825817:AAG8VqJw3PmzJgV2bU0J10FzrRgU4X7Y9zM/sendMessage
A股巡检任务执行完成
[2026-03-27 09:00] 开始执行A股巡检任务...
获取A股数据失败: module 'akshare' has no attribute 'stock_a_gt'
推送消息:
 🇨🇳 A股大盘速递 [2026-03-27 09:00]
━━━━━━━━━━━━━━━━
📉 上证指数: 0 | 0%
📉 深证成指: 0 | 0%
📉 创业板指: 0 | 0%
💸 北向资金: 0亿
📊 涨跌家数: 0涨 / 0跌

消息推送失败: 401 Client Error: Unauthorized for url: https://api.telegram.org/bot7055825817:AAG8VqJw3PmzJgV2bU0J10FzrRgU4X7Y9zM/sendMessage
A股巡检任务执行完成
[2026-03-27 10:00] 开始执行A股巡检任务...
获取A股数据失败: module 'akshare' has no attribute 'stock_a_gt'
推送消息:
 🇨🇳 A股大盘速递 [2026-03-27 10:00]
━━━━━━━━━━━━━━━━
📉 上证指数: 0 | 0%
📉 深证成指: 0 | 0%
📉 创业板指: 0 | 0%
💸 北向资金: 0亿
📊 涨跌家数: 0涨 / 0跌

消息推送失败: 401 Client Error: Unauthorized for url: https://api.telegram.org/bot7055825817:AAG8VqJw3PmzJgV2bU0J10FzrRgU4X7Y9zM/sendMessage
A股巡检任务执行完成
[2026-03-27 11:00] 开始执行A股巡检任务...
获取A股数据失败: module 'akshare' has no attribute 'stock_a_gt'
推送消息:
 🇨🇳 A股大盘速递 [2026-03-27 11:00]
━━━━━━━━━━━━━━━━
📉 上证指数: 0 | 0%
📉 深证成指: 0 | 0%
📉 创业板指: 0 | 0%
💸 北向资金: 0亿
📊 涨跌家数: 0涨 / 0跌

消息推送失败: 401 Client Error: Unauthorized for url: https://api.telegram.org/bot7055825817:AAG8VqJw3PmzJgV2bU0J10FzrRgU4X7Y9zM/sendMessage
A股巡检任务执行完成
[2026-03-27 12:00] 开始执行A股巡检任务...
获取A股数据失败: module 'akshare' has no attribute 'stock_a_gt'
推送消息:
 🇨🇳 A股大盘速递 [2026-03-27 12:00]
━━━━━━━━━━━━━━━━
📉 上证指数: 0 | 0%
📉 深证成指: 0 | 0%
📉 创业板指: 0 | 0%
💸 北向资金: 0亿
📊 涨跌家数: 0涨 / 0跌

消息推送失败: 401 Client Error: Unauthorized for url: https://api.telegram.org/bot7055825817:AAG8VqJw3PmzJgV2bU0J10FzrRgU4X7Y9zM/sendMessage
A股巡检任务执行完成
[2026-03-27 13:00] 开始执行A股巡检任务...
获取A股数据失败: module 'akshare' has no attribute 'stock_a_gt'
推送消息:
 🇨🇳 A股大盘速递 [2026-03-27 13:00]
━━━━━━━━━━━━━━━━
📉 上证指数: 0 | 0%
📉 深证成指: 0 | 0%
📉 创业板指: 0 | 0%
💸 北向资金: 0亿
📊 涨跌家数: 0涨 / 0跌

消息推送失败: 401 Client Error: Unauthorized for url: https://api.telegram.org/bot7055825817:AAG8VqJw3PmzJgV2bU0J10FzrRgU4X7Y9zM/sendMessage
A股巡检任务执行完成
[2026-03-27 14:00] 开始执行A股巡检任务...
获取A股数据失败: module 'akshare' has no attribute 'stock_a_gt'
推送消息:
 🇨🇳 A股大盘速递 [2026-03-27 14:00]
━━━━━━━━━━━━━━━━
📉 上证指数: 0 | 0%
📉 深证成指: 0 | 0%
📉 创业板指: 0 | 0%
💸 北向资金: 0亿
📊 涨跌家数: 0涨 / 0跌

消息推送失败: 401 Client Error: Unauthorized for url: https://api.telegram.org/bot7055825817:AAG8VqJw3PmzJgV2bU0J10FzrRgU4X7Y9zM/sendMessage
A股巡检任务执行完成
[2026-03-27 15:00] 开始执行A股巡检任务...
获取A股数据失败: module 'akshare' has no attribute 'stock_a_gt'
推送消息:
 🇨🇳 A股大盘速递 [2026-03-27 15:00]
━━━━━━━━━━━━━━━━
📉 上证指数: 0 | 0%
📉 深证成指: 0 | 0%
📉 创业板指: 0 | 0%
💸 北向资金: 0亿
📊 涨跌家数: 0涨 / 0跌

消息推送失败: 401 Client Error: Unauthorized for url: https://api.telegram.org/bot7055825817:AAG8VqJw3PmzJgV2bU0J10FzrRgU4X7Y9zM/sendMessage
A股巡检任务执行完成
